2025-03-05 13:33:03,678 - INFO - Starting processing of gene list...
2025-03-05 13:33:03,678 - INFO - Processing gene: ABCB1
2025-03-05 13:33:03,679 - WARNING - Directory already exists for gene ABCB1, removing: ANALYSIS/00-05-PyPGx/results/pipeline_ABCB1
2025-03-05 13:33:03,682 - INFO - Running command: pypgx run-ngs-pipeline ABCB1 ANALYSIS/00-05-PyPGx/results/pipeline_ABCB1 --variants ANALYSIS/00-05-PyPGx/Peru.joint.vcf.gz --assembly GRCh37
2025-03-05 13:33:15,323 - ERROR - Error running pipeline for gene ABCB1: Command 'pypgx run-ngs-pipeline ABCB1 ANALYSIS/00-05-PyPGx/results/pipeline_ABCB1 --variants ANALYSIS/00-05-PyPGx/Peru.joint.vcf.gz --assembly GRCh37' returned non-zero exit status 1.
2025-03-05 13:33:15,323 - ERROR - Error processing genes: Command 'pypgx run-ngs-pipeline ABCB1 ANALYSIS/00-05-PyPGx/results/pipeline_ABCB1 --variants ANALYSIS/00-05-PyPGx/Peru.joint.vcf.gz --assembly GRCh37' returned non-zero exit status 1.
2025-03-05 13:36:09,984 - INFO - Starting processing of gene list...
2025-03-05 13:36:09,985 - INFO - Processing gene: ABCB1
2025-03-05 13:36:09,985 - WARNING - Directory already exists for gene ABCB1, removing: ANALYSIS/00-05-PyPGx/results/pipeline_ABCB1
2025-03-05 13:36:09,985 - INFO - Running command: pypgx run-ngs-pipeline ABCB1 ANALYSIS/00-05-PyPGx/results/pipeline_ABCB1 --variants ANALYSIS/00-05-PyPGx/Peru.joint.vcf.gz --assembly GRCh37
2025-03-05 13:36:12,893 - ERROR - Error running pipeline for gene ABCB1: Command 'pypgx run-ngs-pipeline ABCB1 ANALYSIS/00-05-PyPGx/results/pipeline_ABCB1 --variants ANALYSIS/00-05-PyPGx/Peru.joint.vcf.gz --assembly GRCh37' returned non-zero exit status 1.
2025-03-05 13:36:12,894 - ERROR - Error processing genes: Command 'pypgx run-ngs-pipeline ABCB1 ANALYSIS/00-05-PyPGx/results/pipeline_ABCB1 --variants ANALYSIS/00-05-PyPGx/Peru.joint.vcf.gz --assembly GRCh37' returned non-zero exit status 1.
2025-03-05 13:45:34,218 - INFO - Starting processing of gene list...
2025-03-05 13:45:34,219 - INFO - Processing gene: ABCB1
2025-03-05 13:45:34,219 - WARNING - Directory already exists for gene ABCB1, removing: ANALYSIS/00-05-PyPGx/results/pipeline_ABCB1
2025-03-05 13:45:34,219 - INFO - Running command: pypgx run-ngs-pipeline ABCB1 ANALYSIS/00-05-PyPGx/results/pipeline_ABCB1 --variants ANALYSIS/00-05-PyPGx/Peru.joint.vcf.gz --assembly GRCh37
2025-03-05 13:45:37,084 - ERROR - Error running pipeline for gene ABCB1: Command 'pypgx run-ngs-pipeline ABCB1 ANALYSIS/00-05-PyPGx/results/pipeline_ABCB1 --variants ANALYSIS/00-05-PyPGx/Peru.joint.vcf.gz --assembly GRCh37' returned non-zero exit status 1.
2025-03-05 13:45:37,084 - ERROR - Error processing genes: Command 'pypgx run-ngs-pipeline ABCB1 ANALYSIS/00-05-PyPGx/results/pipeline_ABCB1 --variants ANALYSIS/00-05-PyPGx/Peru.joint.vcf.gz --assembly GRCh37' returned non-zero exit status 1.
2025-03-13 06:36:30,239 - INFO - Starting processing of gene list...
2025-03-13 06:36:30,240 - INFO - Processing gene: ABCB1
2025-03-13 06:36:30,240 - WARNING - Directory already exists for gene ABCB1, removing: ANALYSIS/00-05-PyPGx/results/pipeline_ABCB1
2025-03-13 06:36:30,242 - INFO - Running command: pypgx run-ngs-pipeline ABCB1 ANALYSIS/00-05-PyPGx/results/pipeline_ABCB1 --variants ANALYSIS/00-05-PyPGx/Peru.joint.vcf.gz --assembly GRCh37
2025-03-13 06:36:34,345 - ERROR - Error running pipeline for gene ABCB1: Command 'pypgx run-ngs-pipeline ABCB1 ANALYSIS/00-05-PyPGx/results/pipeline_ABCB1 --variants ANALYSIS/00-05-PyPGx/Peru.joint.vcf.gz --assembly GRCh37' returned non-zero exit status 1.
2025-03-13 06:36:34,345 - ERROR - Error processing genes: Command 'pypgx run-ngs-pipeline ABCB1 ANALYSIS/00-05-PyPGx/results/pipeline_ABCB1 --variants ANALYSIS/00-05-PyPGx/Peru.joint.vcf.gz --assembly GRCh37' returned non-zero exit status 1.
2025-03-13 06:39:15,808 - INFO - Starting processing of gene list...
2025-03-13 06:39:15,808 - INFO - Processing gene: ABCB1
2025-03-13 06:39:15,808 - WARNING - Directory already exists for gene ABCB1, removing: ANALYSIS/00-05-PyPGx/results/pipeline_ABCB1
2025-03-13 06:39:15,809 - INFO - Running command: pypgx run-ngs-pipeline ABCB1 ANALYSIS/00-05-PyPGx/results/pipeline_ABCB1 --variants ANALYSIS/00-05-PyPGx/Peru.joint.vcf.gz --assembly GRCh37
2025-03-13 06:39:18,826 - ERROR - Error running pipeline for gene ABCB1: Command 'pypgx run-ngs-pipeline ABCB1 ANALYSIS/00-05-PyPGx/results/pipeline_ABCB1 --variants ANALYSIS/00-05-PyPGx/Peru.joint.vcf.gz --assembly GRCh37' returned non-zero exit status 1.
2025-03-13 06:39:18,826 - ERROR - Error processing genes: Command 'pypgx run-ngs-pipeline ABCB1 ANALYSIS/00-05-PyPGx/results/pipeline_ABCB1 --variants ANALYSIS/00-05-PyPGx/Peru.joint.vcf.gz --assembly GRCh37' returned non-zero exit status 1.
2025-03-13 06:40:35,297 - INFO - Starting processing of gene list...
2025-03-13 06:40:35,297 - INFO - Processing gene: ABCB1
2025-03-13 06:40:35,297 - WARNING - Directory already exists for gene ABCB1, removing: ANALYSIS/00-05-PyPGx/results/pipeline_ABCB1
2025-03-13 06:40:35,298 - INFO - Running command: pypgx run-ngs-pipeline ABCB1 ANALYSIS/00-05-PyPGx/results/pipeline_ABCB1 --variants ANALYSIS/00-05-PyPGx/Peru.joint.vcf.gz --assembly GRCh37
2025-03-13 06:40:38,332 - ERROR - Error running pipeline for gene ABCB1: Command 'pypgx run-ngs-pipeline ABCB1 ANALYSIS/00-05-PyPGx/results/pipeline_ABCB1 --variants ANALYSIS/00-05-PyPGx/Peru.joint.vcf.gz --assembly GRCh37' returned non-zero exit status 1.
2025-03-13 06:40:38,332 - ERROR - Error processing genes: Command 'pypgx run-ngs-pipeline ABCB1 ANALYSIS/00-05-PyPGx/results/pipeline_ABCB1 --variants ANALYSIS/00-05-PyPGx/Peru.joint.vcf.gz --assembly GRCh37' returned non-zero exit status 1.
2025-03-14 17:34:18,514 - INFO - Starting processing of gene list...
2025-03-14 17:34:18,514 - INFO - Processing gene: ABCB1
2025-03-14 17:34:18,515 - WARNING - Directory already exists for gene ABCB1, removing: ANALYSIS/00-05-PyPGx/results/pipeline_ABCB1
2025-03-14 17:34:18,515 - INFO - Running command: pypgx run-ngs-pipeline ABCB1 ANALYSIS/00-05-PyPGx/results/pipeline_ABCB1 --variants ANALYSIS/00-05-PyPGx/Peru.joint.vcf.gz --assembly GRCh37
2025-03-14 17:34:22,364 - ERROR - Error running pipeline for gene ABCB1: Command 'pypgx run-ngs-pipeline ABCB1 ANALYSIS/00-05-PyPGx/results/pipeline_ABCB1 --variants ANALYSIS/00-05-PyPGx/Peru.joint.vcf.gz --assembly GRCh37' returned non-zero exit status 1.
2025-03-14 17:34:22,364 - ERROR - Error processing genes: Command 'pypgx run-ngs-pipeline ABCB1 ANALYSIS/00-05-PyPGx/results/pipeline_ABCB1 --variants ANALYSIS/00-05-PyPGx/Peru.joint.vcf.gz --assembly GRCh37' returned non-zero exit status 1.
2025-03-14 17:42:32,873 - INFO - Starting processing of gene list...
2025-03-14 17:42:32,873 - INFO - Processing gene: ABCB1
2025-03-14 17:42:32,873 - WARNING - Directory already exists for gene ABCB1, removing: ANALYSIS/00-05-PyPGx/results/pipeline_ABCB1
2025-03-14 17:42:32,873 - INFO - Running command: pypgx run-ngs-pipeline ABCB1 ANALYSIS/00-05-PyPGx/results/pipeline_ABCB1 --variants ANALYSIS/00-05-PyPGx/Peru.joint.vcf.gz --assembly GRCh37
2025-03-14 17:44:52,463 - INFO - Processing gene: CACNA1S
2025-03-14 17:44:52,463 - INFO - Running command: pypgx run-ngs-pipeline CACNA1S ANALYSIS/00-05-PyPGx/results/pipeline_CACNA1S --variants ANALYSIS/00-05-PyPGx/Peru.joint.vcf.gz --assembly GRCh37
2025-03-14 17:46:56,097 - INFO - Processing gene: CFTR
2025-03-14 17:46:56,097 - INFO - Running command: pypgx run-ngs-pipeline CFTR ANALYSIS/00-05-PyPGx/results/pipeline_CFTR --variants ANALYSIS/00-05-PyPGx/Peru.joint.vcf.gz --assembly GRCh37
2025-03-14 17:49:07,516 - INFO - Processing gene: CYP17A1
2025-03-14 17:49:07,516 - INFO - Running command: pypgx run-ngs-pipeline CYP17A1 ANALYSIS/00-05-PyPGx/results/pipeline_CYP17A1 --variants ANALYSIS/00-05-PyPGx/Peru.joint.vcf.gz --assembly GRCh37
2025-03-14 17:50:40,456 - INFO - Processing gene: CYP19A1
2025-03-14 17:50:40,456 - INFO - Running command: pypgx run-ngs-pipeline CYP19A1 ANALYSIS/00-05-PyPGx/results/pipeline_CYP19A1 --variants ANALYSIS/00-05-PyPGx/Peru.joint.vcf.gz --assembly GRCh37
2025-03-14 17:52:44,631 - INFO - Processing gene: CYP1A1
2025-03-14 17:52:44,632 - INFO - Running command: pypgx run-ngs-pipeline CYP1A1 ANALYSIS/00-05-PyPGx/results/pipeline_CYP1A1 --variants ANALYSIS/00-05-PyPGx/Peru.joint.vcf.gz --assembly GRCh37
2025-03-14 17:54:24,885 - INFO - Processing gene: CYP1A2
2025-03-14 17:54:24,885 - INFO - Running command: pypgx run-ngs-pipeline CYP1A2 ANALYSIS/00-05-PyPGx/results/pipeline_CYP1A2 --variants ANALYSIS/00-05-PyPGx/Peru.joint.vcf.gz --assembly GRCh37
2025-03-14 17:56:02,211 - INFO - Processing gene: CYP1B1
2025-03-14 17:56:02,211 - INFO - Running command: pypgx run-ngs-pipeline CYP1B1 ANALYSIS/00-05-PyPGx/results/pipeline_CYP1B1 --variants ANALYSIS/00-05-PyPGx/Peru.joint.vcf.gz --assembly GRCh37
2025-03-14 17:57:42,818 - INFO - Processing gene: CYP26A1
2025-03-14 17:57:42,819 - INFO - Running command: pypgx run-ngs-pipeline CYP26A1 ANALYSIS/00-05-PyPGx/results/pipeline_CYP26A1 --variants ANALYSIS/00-05-PyPGx/Peru.joint.vcf.gz --assembly GRCh37
2025-03-14 17:58:57,317 - INFO - Processing gene: CYP2A13
2025-03-14 17:58:57,317 - INFO - Running command: pypgx run-ngs-pipeline CYP2A13 ANALYSIS/00-05-PyPGx/results/pipeline_CYP2A13 --variants ANALYSIS/00-05-PyPGx/Peru.joint.vcf.gz --assembly GRCh37
2025-03-14 18:00:34,716 - INFO - Processing gene: CYP2A6
2025-03-14 18:00:34,716 - INFO - Running command: pypgx run-ngs-pipeline CYP2A6 ANALYSIS/00-05-PyPGx/results/pipeline_CYP2A6 --variants ANALYSIS/00-05-PyPGx/Peru.joint.vcf.gz --assembly GRCh37
2025-03-14 18:02:59,192 - INFO - Processing gene: CYP2B6
2025-03-14 18:02:59,192 - INFO - Running command: pypgx run-ngs-pipeline CYP2B6 ANALYSIS/00-05-PyPGx/results/pipeline_CYP2B6 --variants ANALYSIS/00-05-PyPGx/Peru.joint.vcf.gz --assembly GRCh37
2025-03-14 18:05:21,391 - INFO - Processing gene: CYP2C19
2025-03-14 18:05:21,392 - INFO - Running command: pypgx run-ngs-pipeline CYP2C19 ANALYSIS/00-05-PyPGx/results/pipeline_CYP2C19 --variants ANALYSIS/00-05-PyPGx/Peru.joint.vcf.gz --assembly GRCh37
2025-03-14 18:07:17,886 - INFO - Processing gene: CYP2C8
2025-03-14 18:07:17,886 - INFO - Running command: pypgx run-ngs-pipeline CYP2C8 ANALYSIS/00-05-PyPGx/results/pipeline_CYP2C8 --variants ANALYSIS/00-05-PyPGx/Peru.joint.vcf.gz --assembly GRCh37
2025-03-14 18:09:00,550 - INFO - Processing gene: CYP2C9
2025-03-14 18:09:00,550 - INFO - Running command: pypgx run-ngs-pipeline CYP2C9 ANALYSIS/00-05-PyPGx/results/pipeline_CYP2C9 --variants ANALYSIS/00-05-PyPGx/Peru.joint.vcf.gz --assembly GRCh37
2025-03-14 18:10:53,012 - INFO - Processing gene: CYP2D6
2025-03-14 18:10:53,013 - INFO - Running command: pypgx run-ngs-pipeline CYP2D6 ANALYSIS/00-05-PyPGx/results/pipeline_CYP2D6 --variants ANALYSIS/00-05-PyPGx/Peru.joint.vcf.gz --assembly GRCh37
2025-03-14 18:13:46,959 - INFO - Processing gene: CYP2E1
2025-03-14 18:13:46,960 - INFO - Running command: pypgx run-ngs-pipeline CYP2E1 ANALYSIS/00-05-PyPGx/results/pipeline_CYP2E1 --variants ANALYSIS/00-05-PyPGx/Peru.joint.vcf.gz --assembly GRCh37
2025-03-14 18:15:48,659 - INFO - Processing gene: CYP2F1
2025-03-14 18:15:48,659 - INFO - Running command: pypgx run-ngs-pipeline CYP2F1 ANALYSIS/00-05-PyPGx/results/pipeline_CYP2F1 --variants ANALYSIS/00-05-PyPGx/Peru.joint.vcf.gz --assembly GRCh37
2025-03-14 18:17:28,478 - INFO - Processing gene: CYP2J2
2025-03-14 18:17:28,478 - INFO - Running command: pypgx run-ngs-pipeline CYP2J2 ANALYSIS/00-05-PyPGx/results/pipeline_CYP2J2 --variants ANALYSIS/00-05-PyPGx/Peru.joint.vcf.gz --assembly GRCh37
2025-03-14 18:19:01,106 - INFO - Processing gene: CYP2R1
2025-03-14 18:19:01,106 - INFO - Running command: pypgx run-ngs-pipeline CYP2R1 ANALYSIS/00-05-PyPGx/results/pipeline_CYP2R1 --variants ANALYSIS/00-05-PyPGx/Peru.joint.vcf.gz --assembly GRCh37
2025-03-14 18:20:23,053 - INFO - Processing gene: CYP2S1
2025-03-14 18:20:23,053 - INFO - Running command: pypgx run-ngs-pipeline CYP2S1 ANALYSIS/00-05-PyPGx/results/pipeline_CYP2S1 --variants ANALYSIS/00-05-PyPGx/Peru.joint.vcf.gz --assembly GRCh37
2025-03-14 18:21:52,507 - INFO - Processing gene: CYP2W1
2025-03-14 18:21:52,507 - INFO - Running command: pypgx run-ngs-pipeline CYP2W1 ANALYSIS/00-05-PyPGx/results/pipeline_CYP2W1 --variants ANALYSIS/00-05-PyPGx/Peru.joint.vcf.gz --assembly GRCh37
2025-03-14 18:23:27,324 - INFO - Processing gene: CYP3A4
2025-03-14 18:23:27,324 - INFO - Running command: pypgx run-ngs-pipeline CYP3A4 ANALYSIS/00-05-PyPGx/results/pipeline_CYP3A4 --variants ANALYSIS/00-05-PyPGx/Peru.joint.vcf.gz --assembly GRCh37
2025-03-14 18:24:56,344 - INFO - Processing gene: CYP3A43
2025-03-14 18:24:56,345 - INFO - Running command: pypgx run-ngs-pipeline CYP3A43 ANALYSIS/00-05-PyPGx/results/pipeline_CYP3A43 --variants ANALYSIS/00-05-PyPGx/Peru.joint.vcf.gz --assembly GRCh37
2025-03-14 18:26:35,056 - INFO - Processing gene: CYP3A5
2025-03-14 18:26:35,057 - INFO - Running command: pypgx run-ngs-pipeline CYP3A5 ANALYSIS/00-05-PyPGx/results/pipeline_CYP3A5 --variants ANALYSIS/00-05-PyPGx/Peru.joint.vcf.gz --assembly GRCh37
2025-03-14 18:28:14,358 - INFO - Processing gene: CYP3A7
2025-03-14 18:28:14,358 - INFO - Running command: pypgx run-ngs-pipeline CYP3A7 ANALYSIS/00-05-PyPGx/results/pipeline_CYP3A7 --variants ANALYSIS/00-05-PyPGx/Peru.joint.vcf.gz --assembly GRCh37
2025-03-14 18:29:52,082 - INFO - Processing gene: CYP4A11
2025-03-14 18:29:52,082 - INFO - Running command: pypgx run-ngs-pipeline CYP4A11 ANALYSIS/00-05-PyPGx/results/pipeline_CYP4A11 --variants ANALYSIS/00-05-PyPGx/Peru.joint.vcf.gz --assembly GRCh37
2025-03-14 18:31:23,924 - INFO - Processing gene: CYP4A22
2025-03-14 18:31:23,924 - INFO - Running command: pypgx run-ngs-pipeline CYP4A22 ANALYSIS/00-05-PyPGx/results/pipeline_CYP4A22 --variants ANALYSIS/00-05-PyPGx/Peru.joint.vcf.gz --assembly GRCh37
2025-03-14 18:36:04,033 - INFO - Processing gene: CYP4B1
2025-03-14 18:36:04,033 - INFO - Running command: pypgx run-ngs-pipeline CYP4B1 ANALYSIS/00-05-PyPGx/results/pipeline_CYP4B1 --variants ANALYSIS/00-05-PyPGx/Peru.joint.vcf.gz --assembly GRCh37
2025-03-14 18:37:44,220 - INFO - Processing gene: CYP4F2
2025-03-14 18:37:44,220 - INFO - Running command: pypgx run-ngs-pipeline CYP4F2 ANALYSIS/00-05-PyPGx/results/pipeline_CYP4F2 --variants ANALYSIS/00-05-PyPGx/Peru.joint.vcf.gz --assembly GRCh37
2025-03-14 18:40:01,364 - INFO - Processing gene: DPYD
2025-03-14 18:40:01,366 - INFO - Running command: pypgx run-ngs-pipeline DPYD ANALYSIS/00-05-PyPGx/results/pipeline_DPYD --variants ANALYSIS/00-05-PyPGx/Peru.joint.vcf.gz --assembly GRCh37
2025-03-14 18:53:26,335 - INFO - Processing gene: F5
2025-03-14 18:53:26,341 - INFO - Running command: pypgx run-ngs-pipeline F5 ANALYSIS/00-05-PyPGx/results/pipeline_F5 --variants ANALYSIS/00-05-PyPGx/Peru.joint.vcf.gz --assembly GRCh37
2025-03-14 18:55:41,730 - INFO - Processing gene: G6PD
2025-03-14 18:55:41,730 - INFO - Running command: pypgx run-ngs-pipeline G6PD ANALYSIS/00-05-PyPGx/results/pipeline_G6PD --variants ANALYSIS/00-05-PyPGx/Peru.joint.vcf.gz --assembly GRCh37
2025-03-14 18:57:17,422 - INFO - Processing gene: GSTM1
2025-03-14 18:57:17,422 - INFO - Running command: pypgx run-ngs-pipeline GSTM1 ANALYSIS/00-05-PyPGx/results/pipeline_GSTM1 --variants ANALYSIS/00-05-PyPGx/Peru.joint.vcf.gz --assembly GRCh37
2025-03-14 18:58:44,712 - INFO - Processing gene: GSTP1
2025-03-14 18:58:44,712 - INFO - Running command: pypgx run-ngs-pipeline GSTP1 ANALYSIS/00-05-PyPGx/results/pipeline_GSTP1 --variants ANALYSIS/00-05-PyPGx/Peru.joint.vcf.gz --assembly GRCh37
2025-03-14 19:00:09,586 - INFO - Processing gene: IFNL3
2025-03-14 19:00:09,586 - INFO - Running command: pypgx run-ngs-pipeline IFNL3 ANALYSIS/00-05-PyPGx/results/pipeline_IFNL3 --variants ANALYSIS/00-05-PyPGx/Peru.joint.vcf.gz --assembly GRCh37
2025-03-14 19:02:26,699 - INFO - Processing gene: NAT1
2025-03-14 19:02:26,699 - INFO - Running command: pypgx run-ngs-pipeline NAT1 ANALYSIS/00-05-PyPGx/results/pipeline_NAT1 --variants ANALYSIS/00-05-PyPGx/Peru.joint.vcf.gz --assembly GRCh37
2025-03-14 19:04:05,391 - INFO - Processing gene: NAT2
2025-03-14 19:04:05,391 - INFO - Running command: pypgx run-ngs-pipeline NAT2 ANALYSIS/00-05-PyPGx/results/pipeline_NAT2 --variants ANALYSIS/00-05-PyPGx/Peru.joint.vcf.gz --assembly GRCh37
2025-03-14 19:06:26,293 - INFO - Processing gene: NUDT15
2025-03-14 19:06:26,294 - INFO - Running command: pypgx run-ngs-pipeline NUDT15 ANALYSIS/00-05-PyPGx/results/pipeline_NUDT15 --variants ANALYSIS/00-05-PyPGx/Peru.joint.vcf.gz --assembly GRCh37
2025-03-14 19:07:57,582 - INFO - Processing gene: POR
2025-03-14 19:07:57,583 - INFO - Running command: pypgx run-ngs-pipeline POR ANALYSIS/00-05-PyPGx/results/pipeline_POR --variants ANALYSIS/00-05-PyPGx/Peru.joint.vcf.gz --assembly GRCh37
2025-03-14 19:09:50,245 - INFO - Processing gene: PTGIS
2025-03-14 19:09:50,245 - INFO - Running command: pypgx run-ngs-pipeline PTGIS ANALYSIS/00-05-PyPGx/results/pipeline_PTGIS --variants ANALYSIS/00-05-PyPGx/Peru.joint.vcf.gz --assembly GRCh37
2025-03-14 19:11:39,432 - INFO - Processing gene: RYR1
2025-03-14 19:11:39,432 - INFO - Running command: pypgx run-ngs-pipeline RYR1 ANALYSIS/00-05-PyPGx/results/pipeline_RYR1 --variants ANALYSIS/00-05-PyPGx/Peru.joint.vcf.gz --assembly GRCh37
2025-03-14 19:14:52,625 - INFO - Processing gene: SLC15A2
2025-03-14 19:14:52,625 - INFO - Running command: pypgx run-ngs-pipeline SLC15A2 ANALYSIS/00-05-PyPGx/results/pipeline_SLC15A2 --variants ANALYSIS/00-05-PyPGx/Peru.joint.vcf.gz --assembly GRCh37
2025-03-14 19:16:40,833 - INFO - Processing gene: SLC22A2
2025-03-14 19:16:40,833 - INFO - Running command: pypgx run-ngs-pipeline SLC22A2 ANALYSIS/00-05-PyPGx/results/pipeline_SLC22A2 --variants ANALYSIS/00-05-PyPGx/Peru.joint.vcf.gz --assembly GRCh37
2025-03-14 19:18:51,647 - INFO - Processing gene: SLCO1B1
2025-03-14 19:18:51,648 - INFO - Running command: pypgx run-ngs-pipeline SLCO1B1 ANALYSIS/00-05-PyPGx/results/pipeline_SLCO1B1 --variants ANALYSIS/00-05-PyPGx/Peru.joint.vcf.gz --assembly GRCh37
2025-03-14 19:21:32,629 - INFO - Processing gene: SLCO1B3
2025-03-14 19:21:32,630 - INFO - Running command: pypgx run-ngs-pipeline SLCO1B3 ANALYSIS/00-05-PyPGx/results/pipeline_SLCO1B3 --variants ANALYSIS/00-05-PyPGx/Peru.joint.vcf.gz --assembly GRCh37
2025-03-14 19:24:25,254 - INFO - Processing gene: SLCO2B1
2025-03-14 19:24:25,254 - INFO - Running command: pypgx run-ngs-pipeline SLCO2B1 ANALYSIS/00-05-PyPGx/results/pipeline_SLCO2B1 --variants ANALYSIS/00-05-PyPGx/Peru.joint.vcf.gz --assembly GRCh37
2025-03-14 19:26:10,869 - INFO - Processing gene: SULT1A1
2025-03-14 19:26:10,869 - INFO - Running command: pypgx run-ngs-pipeline SULT1A1 ANALYSIS/00-05-PyPGx/results/pipeline_SULT1A1 --variants ANALYSIS/00-05-PyPGx/Peru.joint.vcf.gz --assembly GRCh37
2025-03-14 19:29:00,449 - INFO - Processing gene: TBXAS1
2025-03-14 19:29:00,449 - INFO - Running command: pypgx run-ngs-pipeline TBXAS1 ANALYSIS/00-05-PyPGx/results/pipeline_TBXAS1 --variants ANALYSIS/00-05-PyPGx/Peru.joint.vcf.gz --assembly GRCh37
2025-03-14 19:31:48,708 - INFO - Processing gene: TPMT
2025-03-14 19:31:48,708 - INFO - Running command: pypgx run-ngs-pipeline TPMT ANALYSIS/00-05-PyPGx/results/pipeline_TPMT --variants ANALYSIS/00-05-PyPGx/Peru.joint.vcf.gz --assembly GRCh37
2025-03-14 19:33:31,843 - INFO - Processing gene: UGT1A1
2025-03-14 19:33:31,844 - INFO - Running command: pypgx run-ngs-pipeline UGT1A1 ANALYSIS/00-05-PyPGx/results/pipeline_UGT1A1 --variants ANALYSIS/00-05-PyPGx/Peru.joint.vcf.gz --assembly GRCh37
2025-03-14 19:35:07,695 - INFO - Processing gene: UGT1A4
2025-03-14 19:35:07,695 - INFO - Running command: pypgx run-ngs-pipeline UGT1A4 ANALYSIS/00-05-PyPGx/results/pipeline_UGT1A4 --variants ANALYSIS/00-05-PyPGx/Peru.joint.vcf.gz --assembly GRCh37
2025-03-14 19:37:05,462 - INFO - Processing gene: UGT2B15
2025-03-14 19:37:05,462 - INFO - Running command: pypgx run-ngs-pipeline UGT2B15 ANALYSIS/00-05-PyPGx/results/pipeline_UGT2B15 --variants ANALYSIS/00-05-PyPGx/Peru.joint.vcf.gz --assembly GRCh37
2025-03-14 19:39:25,618 - INFO - Processing gene: UGT2B7
2025-03-14 19:39:25,618 - INFO - Running command: pypgx run-ngs-pipeline UGT2B7 ANALYSIS/00-05-PyPGx/results/pipeline_UGT2B7 --variants ANALYSIS/00-05-PyPGx/Peru.joint.vcf.gz --assembly GRCh37
2025-03-14 19:41:02,352 - INFO - Processing gene: VKORC1
2025-03-14 19:41:02,352 - INFO - Running command: pypgx run-ngs-pipeline VKORC1 ANALYSIS/00-05-PyPGx/results/pipeline_VKORC1 --variants ANALYSIS/00-05-PyPGx/Peru.joint.vcf.gz --assembly GRCh37
2025-03-14 19:42:24,092 - INFO - Processing gene: XPC
2025-03-14 19:42:24,093 - INFO - Running command: pypgx run-ngs-pipeline XPC ANALYSIS/00-05-PyPGx/results/pipeline_XPC --variants ANALYSIS/00-05-PyPGx/Peru.joint.vcf.gz --assembly GRCh37
2025-03-14 19:44:16,056 - INFO - Processing complete.
